<?xml version="1.0" encoding="UTF-8"?>
<!-- Generated by org.testng.reporters.JUnitReportReporter -->
<testsuite skipped="0" hostname="AndresLaptop" name="Runner.LoginPageRunnerRegression" tests="1" failures="0" timestamp="2023-02-28T00:38:44 ICT" time="8.076" errors="0">
  <testcase name="runScenario" time="8.076" classname="Runner.LoginPageRunnerRegression"/>
  <system-out/>
</testsuite> <!-- Runner.LoginPageRunnerRegression -->
