<?xml version="1.0" encoding="UTF-8"?>
<!-- Generated by org.testng.reporters.JUnitReportReporter -->
<testsuite skipped="0" hostname="AndresLaptop" name="Test.BuyItemTest" tests="1" failures="0" timestamp="2023-02-19T12:35:55 ICT" time="16.635" errors="0">
  <testcase name="testBuyItemSuccessful" time="16.635" classname="Test.BuyItemTest"/>
  <system-out/>
</testsuite> <!-- Test.BuyItemTest -->
