<?xml version="1.0" encoding="UTF-8"?>
<!-- Generated by org.testng.reporters.JUnitReportReporter -->
<testsuite skipped="0" hostname="AndresLaptop" name="Runner.LoginPageRunner" tests="2" failures="0" timestamp="2023-02-26T23:23:37 ICT" time="12.253" errors="0">
  <testcase name="runScenario" time="6.766" classname="Runner.LoginPageRunner"/>
  <system-out/>
  <testcase name="runScenario" time="5.487" classname="Runner.LoginPageRunner"/>
  <system-out/>
</testsuite> <!-- Runner.LoginPageRunner -->
