<?xml version="1.0" encoding="UTF-8"?>
<!-- Generated by org.testng.reporters.JUnitReportReporter -->
<testsuite skipped="0" hostname="AndresLaptop" name="Test.LoginPageTest" tests="1" failures="0" timestamp="2023-02-19T12:33:44 ICT" time="9.930" errors="0">
  <testcase name="testLoginPage" time="9.930" classname="Test.LoginPageTest"/>
  <system-out/>
</testsuite> <!-- Test.LoginPageTest -->
